<?xml version="1.0" encoding="UTF-8"?>
<testsuite xmlns:xsi="http://www.w3.org/2001/XMLSchema-instance" xsi:noNamespaceSchemaLocation="https://maven.apache.org/surefire/maven-surefire-plugin/xsd/surefire-test-report-3.0.xsd" version="3.0" name="CucumberRunnerTest" time="85.393" tests="1" errors="1" skipped="0" failures="0">
  <properties>
[...]
</properties>
  <testcase name="Jira Checker" classname="EMPTY_NAME" time="85.277">
    <error type="org.openqa.selenium.TimeoutException"><![CDATA[org.openqa.selenium.TimeoutException: 
Expected condition failed: waiting for element to be clickable: [[ChromeDriver: chrome on WINDOWS (d85e9e5759d1f238be005fbb265bc390)] -> xpath: //div[@class='ghx-backlog-container ghx-sprint-planned js-sprint-container ghx-open ui-droppable'][1]//div[contains(concat(' ',@class,' '), ' ghx-backlog-card ')][1]//span[@class='ghx-end ghx-items-container']/a] (tried for 20 second(s) with 500 milliseconds interval)
Build info: version: '4.1.2', revision: '9a5a329c5a'
System info: host: 'DESKTOP-PPNVO37', ip: '192.168.1.8', os.name: 'Windows 10', os.arch: 'amd64', os.version: '10.0', java.version: '11.0.8'
Driver info: org.openqa.selenium.chrome.ChromeDriver
Capabilities {acceptInsecureCerts: false, browserName: chrome, browserVersion: 98.0.4758.102, chrome: {chromedriverVersion: 98.0.4758.102 (273bf7ac8c90..., userDataDir: C:\Users\QA02\AppData\Local...}, goog:chromeOptions: {debuggerAddress: localhost:52516}, javascriptEnabled: true, networkConnectionEnabled: false, pageLoadStrategy: normal, platform: WINDOWS, platformName: WINDOWS, proxy: Proxy(), se:cdp: ws://localhost:52516/devtoo..., se:cdpVersion: 98.0.4758.102, setWindowRect: true, strictFileInteractability: false, timeouts: {implicit: 0, pageLoad: 300000, script: 30000}, unhandledPromptBehavior: dismiss and notify, webauthn:extension:credBlob: true, webauthn:extension:largeBlob: true, webauthn:virtualAuthenticators: true}
Session ID: d85e9e5759d1f238be005fbb265bc390
]]></error>
    <system-out><![CDATA[
@jirachecker
Scenario: Jira Checker                                                               &amp#27;[90m# src/test/java/Features/Jira/jiraChecker.feature:4&amp#27;[0m
Accessed jira website.
  &amp#27;[32mGiven &amp#27;[0m&amp#27;[32mI access jira website &amp#27;[0m&amp#27;[32m&amp#27;[1mhttps://id.atlassian.com/login&amp#27;[0m                         &amp#27;[90m# Steps.Jira.Login.accessJiraWebsite(java.lang.String)&amp#27;[0m
Input credentials then logged in.
  &amp#27;[32mWhen &amp#27;[0m&amp#27;[32mI input username &amp#27;[0m&amp#27;[32m&amp#27;[1mjunarson.rillon@clickplaycorp.com&amp#27;[0m&amp#27;[32m and password &amp#27;[0m&amp#27;[32m&amp#27;[1mClickplay123!&amp#27;[0m &amp#27;[90m# Steps.Jira.Login.inputCredentials(java.lang.String,java.lang.String)&amp#27;[0m
Select project: B2C
  &amp#27;[32mAnd &amp#27;[0m&amp#27;[32mI select project &amp#27;[0m&amp#27;[32m&amp#27;[1mB2C&amp#27;[0m                                                           &amp#27;[90m# Steps.Jira.Login.selectProject(java.lang.String)&amp#27;[0m
Clicked backlog.
  &amp#27;[32mAnd &amp#27;[0m&amp#27;[32mI access backlog&amp#27;[0m                                                               &amp#27;[90m# Steps.Jira.Login.accessBacklog()&amp#27;[0m
Searched B2C Sprint 45 in backlog. 

  &amp#27;[32mAnd &amp#27;[0m&amp#27;[32mNavigate to future sprint in backlog&amp#27;[0m                                           &amp#27;[90m# Steps.Jira.Login.navigateToFutureSprint()&amp#27;[0m
Scrolled into per card
Logged in to testrail: 1
Not yet logged in to testrail.
Successfully logged in to testrail
Scrolled into per card
Logged in to testrail: 0
Already logged in to testrail.
  &amp#27;[32mAnd &amp#27;[0m&amp#27;[32mCheck if logged in to testrail&amp#27;[0m                                                 &amp#27;[90m# Steps.Jira.Login.checkIfLoggedIntoTestrail(io.cucumber.datatable.DataTable)&amp#27;[0m
    | username                  | password     |
    | qa.testrail@clickplay.org | Clickplay123 |
Checking every card now.
Checking card status
Checking card title
Checking card tester
no match
  &amp#27;[31mAnd &amp#27;[0m&amp#27;[31mCheck cards in future sprint&amp#27;[0m                                                   &amp#27;[90m# Steps.Jira.Login.checkCardsInFutureSprint()&amp#27;[0m
      &amp#27;[31morg.openqa.selenium.TimeoutException: Expected condition failed: waiting for element to be clickable: [[ChromeDriver: chrome on WINDOWS (d85e9e5759d1f238be005fbb265bc390)] -> xpath: //div[@class='ghx-backlog-container ghx-sprint-planned js-sprint-container ghx-open ui-droppable'][1]//div[contains(concat(' ',@class,' '), ' ghx-backlog-card ')][1]//span[@class='ghx-end ghx-items-container']/a] (tried for 20 second(s) with 500 milliseconds interval)
Build info: version: '4.1.2', revision: '9a5a329c5a'
System info: host: 'DESKTOP-PPNVO37', ip: '192.168.1.8', os.name: 'Windows 10', os.arch: 'amd64', os.version: '10.0', java.version: '11.0.8'
Driver info: org.openqa.selenium.chrome.ChromeDriver
Capabilities {acceptInsecureCerts: false, browserName: chrome, browserVersion: 98.0.4758.102, chrome: {chromedriverVersion: 98.0.4758.102 (273bf7ac8c90..., userDataDir: C:\Users\QA02\AppData\Local...}, goog:chromeOptions: {debuggerAddress: localhost:52516}, javascriptEnabled: true, networkConnectionEnabled: false, pageLoadStrategy: normal, platform: WINDOWS, platformName: WINDOWS, proxy: Proxy(), se:cdp: ws://localhost:52516/devtoo..., se:cdpVersion: 98.0.4758.102, setWindowRect: true, strictFileInteractability: false, timeouts: {implicit: 0, pageLoad: 300000, script: 30000}, unhandledPromptBehavior: dismiss and notify, webauthn:extension:credBlob: true, webauthn:extension:largeBlob: true, webauthn:virtualAuthenticators: true}
Session ID: d85e9e5759d1f238be005fbb265bc390
	at org.openqa.selenium.support.ui.WebDriverWait.timeoutException(WebDriverWait.java:138)
	at org.openqa.selenium.support.ui.FluentWait.until(FluentWait.java:231)
	at Steps.Jira.Login.checkCardsInFutureSprint(Login.java:238)
	at âœ½.Check cards in future sprint(file:///C:/Users/QA02/IdeaProjects/pool_selenium/pool_selenium/src/test/java/Features/Jira/jiraChecker.feature:13)
&amp#27;[0m
  &amp#27;[36mAnd &amp#27;[0m&amp#27;[36mI send results in telegram&amp#27;[0m                                                     &amp#27;[90m# Steps.Jira.Login.sendResultsInTelegram(io.cucumber.datatable.DataTable)&amp#27;[0m
    | token                                          | chatId     |
    | 5266678102:AAFdXQxtUGGhRn14vWmXISQMZh2dK3dwkRg | -643306593 |
]]></system-out>
    <system-err><![CDATA[Starting ChromeDriver 98.0.4758.102 (273bf7ac8c909cde36982d27f66f3c70846a3718-refs/branch-heads/4758@{#1151}) on port 63973
Only local connections are allowed.
Please see https://chromedriver.chromium.org/security-considerations for suggestions on keeping ChromeDriver safe.
ChromeDriver was started successfully.
Feb 18, 2022 5:40:04 PM org.openqa.selenium.remote.ProtocolHandshake createSession
INFO: Detected dialect: W3C
Feb 18, 2022 5:40:05 PM org.openqa.selenium.devtools.CdpVersionFinder findNearestMatch
WARNING: Unable to find an exact match for CDP version 98, so returning the closest version found: a no-op implementation
Feb 18, 2022 5:40:05 PM org.openqa.selenium.devtools.CdpVersionFinder findNearestMatch
INFO: Unable to find CDP implementation matching 98.
Feb 18, 2022 5:40:05 PM org.openqa.selenium.chromium.ChromiumDriver lambda$new$3
WARNING: Unable to find version of CDP to use for . You may need to include a dependency on a specific version of the CDP using something similar to `org.seleniumhq.selenium:selenium-devtools-v86:4.1.2` where the version ("v86") matches the version of the chromium-based browser you're using and the version number of the artifact is the same as Selenium's.
Starting ChromeDriver 98.0.4758.102 (273bf7ac8c909cde36982d27f66f3c70846a3718-refs/branch-heads/4758@{#1151}) on port 56011
Only local connections are allowed.
Please see https://chromedriver.chromium.org/security-considerations for suggestions on keeping ChromeDriver safe.
ChromeDriver was started successfully.
Feb 18, 2022 5:40:06 PM org.openqa.selenium.remote.ProtocolHandshake createSession
INFO: Detected dialect: W3C
Feb 18, 2022 5:40:06 PM org.openqa.selenium.devtools.CdpVersionFinder findNearestMatch
WARNING: Unable to find an exact match for CDP version 98, so returning the closest version found: a no-op implementation
Feb 18, 2022 5:40:06 PM org.openqa.selenium.devtools.CdpVersionFinder findNearestMatch
INFO: Unable to find CDP implementation matching 98.
Feb 18, 2022 5:40:06 PM org.openqa.selenium.chromium.ChromiumDriver lambda$new$3
WARNING: Unable to find version of CDP to use for . You may need to include a dependency on a specific version of the CDP using something similar to `org.seleniumhq.selenium:selenium-devtools-v86:4.1.2` where the version ("v86") matches the version of the chromium-based browser you're using and the version number of the artifact is the same as Selenium's.
]]></system-err>
  </testcase>
</testsuite>