<?xml version="1.0" encoding="UTF-8"?>
<testsuite xmlns:xsi="http://www.w3.org/2001/XMLSchema-instance" xsi:noNamespaceSchemaLocation="https://maven.apache.org/surefire/maven-surefire-plugin/xsd/surefire-test-report-3.0.xsd" version="3.0" name="CucumberRunnerTest" time="25.101" tests="1" errors="1" skipped="0" failures="0">
  <properties>
[...]
</properties>
  <testcase name="Jira Checker" classname="EMPTY_NAME" time="24.861">
    <error type="org.openqa.selenium.WebDriverException"><![CDATA[org.openqa.selenium.WebDriverException: 
unknown error: cannot determine loading status
from unknown error: cannot determine loading status
from disconnected: received Inspector.detached event
  (Session info: chrome=98.0.4758.102)
Build info: version: '4.1.2', revision: '9a5a329c5a'
System info: host: 'DESKTOP-PPNVO37', ip: '192.168.1.10', os.name: 'Windows 10', os.arch: 'amd64', os.version: '10.0', java.version: '11.0.8'
Driver info: org.openqa.selenium.chrome.ChromeDriver
Command: [eaaa46e33ebb254ce875261f12e7f12e, clickElement {id=73e33ec3-336d-43ad-9658-7cea53c263ed}]
Capabilities {acceptInsecureCerts: false, browserName: chrome, browserVersion: 98.0.4758.102, chrome: {chromedriverVersion: 98.0.4758.102 (273bf7ac8c90...}, goog:chromeOptions: {debuggerAddress: 127.0.0.1:9224}, javascriptEnabled: true, pageLoadStrategy: normal, platform: ANY, platformName: ANY, proxy: Proxy(), se:cdp: ws://127.0.0.1:9224/devtool..., se:cdpVersion: 98.0.4758.102, setWindowRect: false, strictFileInteractability: false, timeouts: {implicit: 0, pageLoad: 300000, script: 30000}, unhandledPromptBehavior: dismiss and notify, webauthn:extension:credBlob: true, webauthn:extension:largeBlob: true, webauthn:virtualAuthenticators: true}
Element: [[ChromeDriver: chrome on ANY (eaaa46e33ebb254ce875261f12e7f12e)] -> xpath: //p[@class='name' and contains(text(),'B2C')]]
Session ID: eaaa46e33ebb254ce875261f12e7f12e
]]></error>
    <system-out><![CDATA[
@jirachecker
Scenario: Jira Checker                                                               &amp#27;[90m# src/test/java/Features/Jira/jiraChecker.feature:4&amp#27;[0m
Accessed jira website.
  &amp#27;[32mGiven &amp#27;[0m&amp#27;[32mI access jira website &amp#27;[0m&amp#27;[32m&amp#27;[1mhttps://id.atlassian.com/login&amp#27;[0m                         &amp#27;[90m# Steps.Jira.Login.accessJiraWebsite(java.lang.String)&amp#27;[0m
Input credentials then logged in.
  &amp#27;[32mWhen &amp#27;[0m&amp#27;[32mI input username &amp#27;[0m&amp#27;[32m&amp#27;[1mjunarson.rillon@clickplaycorp.com&amp#27;[0m&amp#27;[32m and password &amp#27;[0m&amp#27;[32m&amp#27;[1mClickplay123!&amp#27;[0m &amp#27;[90m# Steps.Jira.Login.inputCredentials(java.lang.String,java.lang.String)&amp#27;[0m
  &amp#27;[31mAnd &amp#27;[0m&amp#27;[31mI select project &amp#27;[0m&amp#27;[31m&amp#27;[1mB2C&amp#27;[0m                                                           &amp#27;[90m# Steps.Jira.Login.selectProject(java.lang.String)&amp#27;[0m
      &amp#27;[31morg.openqa.selenium.WebDriverException: unknown error: cannot determine loading status
from unknown error: cannot determine loading status
from disconnected: received Inspector.detached event
  (Session info: chrome=98.0.4758.102)
Build info: version: '4.1.2', revision: '9a5a329c5a'
System info: host: 'DESKTOP-PPNVO37', ip: '192.168.1.10', os.name: 'Windows 10', os.arch: 'amd64', os.version: '10.0', java.version: '11.0.8'
Driver info: org.openqa.selenium.chrome.ChromeDriver
Command: [eaaa46e33ebb254ce875261f12e7f12e, clickElement {id=73e33ec3-336d-43ad-9658-7cea53c263ed}]
Capabilities {acceptInsecureCerts: false, browserName: chrome, browserVersion: 98.0.4758.102, chrome: {chromedriverVersion: 98.0.4758.102 (273bf7ac8c90...}, goog:chromeOptions: {debuggerAddress: 127.0.0.1:9224}, javascriptEnabled: true, pageLoadStrategy: normal, platform: ANY, platformName: ANY, proxy: Proxy(), se:cdp: ws://127.0.0.1:9224/devtool..., se:cdpVersion: 98.0.4758.102, setWindowRect: false, strictFileInteractability: false, timeouts: {implicit: 0, pageLoad: 300000, script: 30000}, unhandledPromptBehavior: dismiss and notify, webauthn:extension:credBlob: true, webauthn:extension:largeBlob: true, webauthn:virtualAuthenticators: true}
Element: [[ChromeDriver: chrome on ANY (eaaa46e33ebb254ce875261f12e7f12e)] -> xpath: //p[@class='name' and contains(text(),'B2C')]]
Session ID: eaaa46e33ebb254ce875261f12e7f12e
	at java.base/jdk.internal.reflect.NativeConstructorAccessorImpl.newInstance0(Native Method)
	at java.base/jdk.internal.reflect.NativeConstructorAccessorImpl.newInstance(NativeConstructorAccessorImpl.java:62)
	at java.base/jdk.internal.reflect.DelegatingConstructorAccessorImpl.newInstance(DelegatingConstructorAccessorImpl.java:45)
	at java.base/java.lang.reflect.Constructor.newInstance(Constructor.java:490)
	at org.openqa.selenium.remote.codec.w3c.W3CHttpResponseCodec.createException(W3CHttpResponseCodec.java:200)
	at org.openqa.selenium.remote.codec.w3c.W3CHttpResponseCodec.decode(W3CHttpResponseCodec.java:133)
	at org.openqa.selenium.remote.codec.w3c.W3CHttpResponseCodec.decode(W3CHttpResponseCodec.java:53)
	at org.openqa.selenium.remote.HttpCommandExecutor.execute(HttpCommandExecutor.java:184)
	at org.openqa.selenium.remote.service.DriverCommandExecutor.invokeExecute(DriverCommandExecutor.java:167)
	at org.openqa.selenium.remote.service.DriverCommandExecutor.execute(DriverCommandExecutor.java:142)
	at org.openqa.selenium.remote.RemoteWebDriver.execute(RemoteWebDriver.java:558)
	at org.openqa.selenium.remote.RemoteWebElement.execute(RemoteWebElement.java:251)
	at org.openqa.selenium.remote.RemoteWebElement.click(RemoteWebElement.java:77)
	at Steps.Jira.Login.selectProject(Login.java:88)
	at âœ½.I select project B2C(file:///C:/Users/QA02/IdeaProjects/pool_selenium/pool_selenium/src/test/java/Features/Jira/jiraChecker.feature:7)
&amp#27;[0m
  &amp#27;[36mAnd &amp#27;[0m&amp#27;[36mI access backlog&amp#27;[0m                                                               &amp#27;[90m# Steps.Jira.Login.accessBacklog()&amp#27;[0m
  &amp#27;[36mAnd &amp#27;[0m&amp#27;[36mNavigate to future sprint in backlog&amp#27;[0m                                           &amp#27;[90m# Steps.Jira.Login.navigateToFutureSprint()&amp#27;[0m
  &amp#27;[36mAnd &amp#27;[0m&amp#27;[36mCheck if logged in to testrail&amp#27;[0m                                                 &amp#27;[90m# Steps.Jira.Login.checkIfLoggedIntoTestrail(io.cucumber.datatable.DataTable)&amp#27;[0m
    | username                  | password     |
    | qa.testrail@clickplay.org | Clickplay123 |
  &amp#27;[36mAnd &amp#27;[0m&amp#27;[36mCheck cards in future sprint&amp#27;[0m                                                   &amp#27;[90m# Steps.Jira.Login.checkCardsInFutureSprint()&amp#27;[0m
  &amp#27;[36mAnd &amp#27;[0m&amp#27;[36mI send results in telegram&amp#27;[0m                                                     &amp#27;[90m# Steps.Jira.Login.sendResultsInTelegram(io.cucumber.datatable.DataTable)&amp#27;[0m
    | token                                          | chatId     |
    | 5266678102:AAFdXQxtUGGhRn14vWmXISQMZh2dK3dwkRg | -643306593 |
]]></system-out>
    <system-err><![CDATA[Starting ChromeDriver 98.0.4758.102 (273bf7ac8c909cde36982d27f66f3c70846a3718-refs/branch-heads/4758@{#1151}) on port 57111
Only local connections are allowed.
Please see https://chromedriver.chromium.org/security-considerations for suggestions on keeping ChromeDriver safe.
ChromeDriver was started successfully.
Mar 03, 2022 4:59:31 PM org.openqa.selenium.remote.ProtocolHandshake createSession
INFO: Detected dialect: W3C
Mar 03, 2022 4:59:31 PM org.openqa.selenium.devtools.CdpVersionFinder findNearestMatch
WARNING: Unable to find an exact match for CDP version 98, so returning the closest version found: a no-op implementation
Mar 03, 2022 4:59:31 PM org.openqa.selenium.devtools.CdpVersionFinder findNearestMatch
INFO: Unable to find CDP implementation matching 98.
Mar 03, 2022 4:59:31 PM org.openqa.selenium.chromium.ChromiumDriver lambda$new$3
WARNING: Unable to find version of CDP to use for . You may need to include a dependency on a specific version of the CDP using something similar to `org.seleniumhq.selenium:selenium-devtools-v86:4.1.2` where the version ("v86") matches the version of the chromium-based browser you're using and the version number of the artifact is the same as Selenium's.
Starting ChromeDriver 98.0.4758.102 (273bf7ac8c909cde36982d27f66f3c70846a3718-refs/branch-heads/4758@{#1151}) on port 51900
Only local connections are allowed.
Please see https://chromedriver.chromium.org/security-considerations for suggestions on keeping ChromeDriver safe.
ChromeDriver was started successfully.
Mar 03, 2022 4:59:32 PM org.openqa.selenium.remote.ProtocolHandshake createSession
INFO: Detected dialect: W3C
Mar 03, 2022 4:59:32 PM org.openqa.selenium.devtools.CdpVersionFinder findNearestMatch
WARNING: Unable to find an exact match for CDP version 98, so returning the closest version found: a no-op implementation
Mar 03, 2022 4:59:32 PM org.openqa.selenium.devtools.CdpVersionFinder findNearestMatch
INFO: Unable to find CDP implementation matching 98.
Mar 03, 2022 4:59:32 PM org.openqa.selenium.chromium.ChromiumDriver lambda$new$3
WARNING: Unable to find version of CDP to use for . You may need to include a dependency on a specific version of the CDP using something similar to `org.seleniumhq.selenium:selenium-devtools-v86:4.1.2` where the version ("v86") matches the version of the chromium-based browser you're using and the version number of the artifact is the same as Selenium's.
]]></system-err>
  </testcase>
</testsuite>